<?xml version="1.0" encoding="UTF-8"?>
<testsuite name="kr.ac.jejunu.UserDaoTest" tests="4" skipped="0" failures="0" errors="0" timestamp="2021-03-26T08:03:22" hostname="D0OR-HYEOK" time="1.101">
  <properties/>
  <testcase name="insert()" classname="kr.ac.jejunu.UserDaoTest" time="1.038"/>
  <testcase name="insertHalla()" classname="kr.ac.jejunu.UserDaoTest" time="0.034"/>
  <testcase name="get()" classname="kr.ac.jejunu.UserDaoTest" time="0.014"/>
  <testcase name="getHalla()" classname="kr.ac.jejunu.UserDaoTest" time="0.013"/>
  <system-out><![CDATA[]]></system-out>
  <system-err><![CDATA[]]></system-err>
</testsuite>
