<?xml version="1.0" encoding="UTF-8"?>
<testsuite name="kr.ac.jejunu.UserDaoTest" tests="4" skipped="0" failures="0" errors="0" timestamp="2021-04-09T08:28:46" hostname="D0OR-HYEOK" time="1.122">
  <properties/>
  <testcase name="delete()" classname="kr.ac.jejunu.UserDaoTest" time="1.041"/>
  <testcase name="insert()" classname="kr.ac.jejunu.UserDaoTest" time="0.029"/>
  <testcase name="update()" classname="kr.ac.jejunu.UserDaoTest" time="0.04"/>
  <testcase name="get()" classname="kr.ac.jejunu.UserDaoTest" time="0.011"/>
  <system-out><![CDATA[]]></system-out>
  <system-err><![CDATA[]]></system-err>
</testsuite>
