<?xml version="1.0" encoding="UTF-8"?>
<testsuite name="kr.ac.jejunu.UserDaoTest" tests="4" skipped="0" failures="0" errors="0" timestamp="2021-04-09T07:49:01" hostname="D0OR-HYEOK" time="1.208">
  <properties/>
  <testcase name="delete()" classname="kr.ac.jejunu.UserDaoTest" time="1.113"/>
  <testcase name="insert()" classname="kr.ac.jejunu.UserDaoTest" time="0.034"/>
  <testcase name="update()" classname="kr.ac.jejunu.UserDaoTest" time="0.045"/>
  <testcase name="get()" classname="kr.ac.jejunu.UserDaoTest" time="0.013"/>
  <system-out><![CDATA[]]></system-out>
  <system-err><![CDATA[]]></system-err>
</testsuite>
